<?xml version="1.0" encoding="UTF-8"?>
<!-- Generated by org.testng.reporters.JUnitReportReporter -->
<testsuite hostname="BGLR-RAJESHV" name="ethos.test.VolumeShapeOutput" tests="8" failures="0" timestamp="28 Mar 2014 19:15:33 GMT" time="119.484" errors="1">
  <testcase name="verifyProductInProdGrps" time="13.514" classname="ethos.test.VolumeShapeOutput"/>
  <testcase name="verifyProductGrp" time="1.479" classname="ethos.test.VolumeShapeOutput"/>
  <testcase name="intervalDataShapeOutputGrid" time="11.409" classname="ethos.test.VolumeShapeOutput"/>
  <testcase name="tickAllUntickAll" time="22.306" classname="ethos.test.VolumeShapeOutput"/>
  <testcase name="intervalDataShapeOutputMeter" time="11.632" classname="ethos.test.VolumeShapeOutput"/>
  <testcase name="chkInactive" time="27.747" classname="ethos.test.VolumeShapeOutput"/>
  <testcase name="findDeliveryPoint" time="16.498" classname="ethos.test.VolumeShapeOutput"/>
  <testcase name="chkResetBtn" time="14.899" classname="ethos.test.VolumeShapeOutput">
    <error type="java.lang.AssertionError" message="Reset button didn&#039;t reset the values">
      <![CDATA[java.lang.AssertionError: Reset button didn't reset the values
	at com.thoughtworks.selenium.SeleneseTestBase.fail(SeleneseTestBase.java:391)
	at com.thoughtworks.selenium.SeleneseTestBase.assertTrue(SeleneseTestBase.java:395)
	at ethos.test.VolumeShapeOutput.chkResetBtn(VolumeShapeOutput.java:81)
	at sun.reflect.NativeMethodAccessorImpl.invoke0(Native Method)
	at sun.reflect.NativeMethodAccessorImpl.invoke(Unknown Source)
	at sun.reflect.DelegatingMethodAccessorImpl.invoke(Unknown Source)
	at java.lang.reflect.Method.invoke(Unknown Source)
	at org.testng.internal.MethodInvocationHelper.invokeMethod(MethodInvocationHelper.java:80)
	at org.testng.internal.Invoker.invokeMethod(Invoker.java:702)
	at org.testng.internal.Invoker.invokeTestMethod(Invoker.java:894)
	at org.testng.internal.Invoker.invokeTestMethods(Invoker.java:1219)
	at org.testng.internal.TestMethodWorker.invokeTestMethods(TestMethodWorker.java:127)
	at org.testng.internal.TestMethodWorker.run(TestMethodWorker.java:111)
	at org.testng.TestRunner.privateRun(TestRunner.java:767)
	at org.testng.TestRunner.run(TestRunner.java:617)
	at org.testng.SuiteRunner.runTest(SuiteRunner.java:334)
	at org.testng.SuiteRunner.runSequentially(SuiteRunner.java:329)
	at org.testng.SuiteRunner.privateRun(SuiteRunner.java:291)
	at org.testng.SuiteRunner.run(SuiteRunner.java:240)
	at org.testng.SuiteRunnerWorker.runSuite(SuiteRunnerWorker.java:53)
	at org.testng.SuiteRunnerWorker.run(SuiteRunnerWorker.java:87)
	at org.testng.TestNG.runSuitesSequentially(TestNG.java:1197)
	at org.testng.TestNG.runSuitesLocally(TestNG.java:1122)
	at org.testng.TestNG.run(TestNG.java:1030)
	at org.testng.remote.RemoteTestNG.run(RemoteTestNG.java:111)
	at org.testng.remote.RemoteTestNG.initAndRun(RemoteTestNG.java:204)
	at org.testng.remote.RemoteTestNG.main(RemoteTestNG.java:175)
]]>
    </error>
  </testcase> <!-- chkResetBtn -->
</testsuite> <!-- ethos.test.VolumeShapeOutput -->
