<?xml version="1.0" encoding="UTF-8"?>
<!-- Generated by org.testng.reporters.JUnitReportReporter -->
<testsuite hostname="BGLR-RAJESHV" name="ethos.test.Test234" tests="1" failures="0" timestamp="25 Mar 2014 19:34:07 GMT" time="0.010" errors="0">
  <testcase name="tes1" time="0.010" classname="ethos.test.Test234"/>
</testsuite> <!-- ethos.test.Test234 -->
