<?xml version="1.0" encoding="UTF-8"?>
<!-- Generated by org.testng.reporters.JUnitReportReporter -->
<testsuite hostname="BGLR-RAJESHV" name="ethos.volumedata.S12" tests="1" failures="0" timestamp="27 Mar 2014 06:12:21 GMT" time="32.481" errors="0">
  <testcase name="test7" time="32.481" classname="ethos.volumedata.S12"/>
</testsuite> <!-- ethos.volumedata.S12 -->
