<?xml version="1.0" encoding="UTF-8"?>
<!-- Generated by org.testng.reporters.JUnitReportReporter -->
<testsuite hostname="BGLR-RAJESHV" name="ethos.test.CountryZones" tests="1" failures="0" timestamp="28 Mar 2014 17:51:15 GMT" time="3.648" errors="0">
  <testcase name="verifySelectLink" time="3.648" classname="ethos.test.CountryZones"/>
</testsuite> <!-- ethos.test.CountryZones -->
