<?xml version="1.0" encoding="UTF-8"?>
<!-- Generated by org.testng.reporters.JUnitReportReporter -->
<testsuite hostname="BGLR-RAJESHV" name="ethos.volumedata.S12" tests="1" failures="0" timestamp="28 Mar 2014 07:37:52 GMT" time="36.330" errors="0">
  <testcase name="test8" time="36.330" classname="ethos.volumedata.S12"/>
</testsuite> <!-- ethos.volumedata.S12 -->
